# JRE version: OpenJDK Runtime Environment (24.0.1+9) (build 24.0.1+9-30)
# Java VM: OpenJDK 64-Bit Server VM (24.0.1+9-30, mixed mode, sharing, tiered, compressed oops, compressed class ptrs, g1 gc, windows-amd64)
GC Precious Log:
 CardTable entry size: 512
 Card Set container configuration: InlinePtr #cards 4 size 8 Array Of Cards #cards 16 size 48 Howl #buckets 8 coarsen threshold 3686 Howl Bitmap #cards 512 size 80 coarsen threshold 460 Card regions per heap region 1 cards per card region 4096
 CPUs: 8 total, 8 available
 Memory: 15986M
 Large Page Support: Disabled
 NUMA Support: Disabled
 Compressed Oops: Enabled (Zero based)
 Heap Region Size: 2M
 Heap Min Capacity: 8M
 Heap Initial Capacity: 250M
 Heap Max Capacity: 3998M
 Pre-touch: Disabled
 Parallel Workers: 8
 Concurrent Workers: 2
 Concurrent Refinement Workers: 8
 Periodic GC: Disabled
Heap:
 garbage-first heap   total reserved 4093952K, committed 440320K, used 305077K [0x0000000706200000, 0x0000000800000000)
  region size 2048K, 63 young (129024K), 11 survivors (22528K)
 Metaspace       used 74316K, committed 75392K, reserved 1179648K
  class space    used 7637K, committed 8128K, reserved 1048576K
GC Heap History (20 events):
Event: 19.128 GC heap before
{Heap before GC invocations=23 (full 0):
 garbage-first heap   total reserved 4093952K, committed 194560K, used 158980K [0x0000000706200000, 0x0000000800000000)
  region size 2048K, 43 young (88064K), 5 survivors (10240K)
 Metaspace       used 48519K, committed 49088K, reserved 1114112K
  class space    used 4949K, committed 5184K, reserved 1048576K
}
Event: 19.143 GC heap after
{Heap after GC invocations=24 (full 0):
 garbage-first heap   total reserved 4093952K, committed 194560K, used 82925K [0x0000000706200000, 0x0000000800000000)
  region size 2048K, 6 young (12288K), 6 survivors (12288K)
 Metaspace       used 48519K, committed 49088K, reserved 1114112K
  class space    used 4949K, committed 5184K, reserved 1048576K
}
Event: 20.372 GC heap before
{Heap before GC invocations=24 (full 0):
 garbage-first heap   total reserved 4093952K, committed 194560K, used 162797K [0x0000000706200000, 0x0000000800000000)
  region size 2048K, 45 young (92160K), 6 survivors (12288K)
 Metaspace       used 50934K, committed 51520K, reserved 1114112K
  class space    used 5286K, committed 5568K, reserved 1048576K
}
Event: 20.395 GC heap after
{Heap after GC invocations=25 (full 0):
 garbage-first heap   total reserved 4093952K, committed 194560K, used 96181K [0x0000000706200000, 0x0000000800000000)
  region size 2048K, 6 young (12288K), 6 survivors (12288K)
 Metaspace       used 50934K, committed 51520K, reserved 1114112K
  class space    used 5286K, committed 5568K, reserved 1048576K
}
Event: 22.638 GC heap before
{Heap before GC invocations=25 (full 0):
 garbage-first heap   total reserved 4093952K, committed 194560K, used 163765K [0x0000000706200000, 0x0000000800000000)
  region size 2048K, 39 young (79872K), 6 survivors (12288K)
 Metaspace       used 58229K, committed 58944K, reserved 1114112K
  class space    used 6152K, committed 6464K, reserved 1048576K
}
Event: 22.668 GC heap after
{Heap after GC invocations=26 (full 0):
 garbage-first heap   total reserved 4093952K, committed 251904K, used 104370K [0x0000000706200000, 0x0000000800000000)
  region size 2048K, 4 young (8192K), 4 survivors (8192K)
 Metaspace       used 58229K, committed 58944K, reserved 1114112K
  class space    used 6152K, committed 6464K, reserved 1048576K
}
Event: 23.970 GC heap before
{Heap before GC invocations=27 (full 0):
 garbage-first heap   total reserved 4093952K, committed 251904K, used 208818K [0x0000000706200000, 0x0000000800000000)
  region size 2048K, 54 young (110592K), 4 survivors (8192K)
 Metaspace       used 60496K, committed 61248K, reserved 1114112K
  class space    used 6427K, committed 6784K, reserved 1048576K
}
Event: 23.997 GC heap after
{Heap after GC invocations=28 (full 0):
 garbage-first heap   total reserved 4093952K, committed 251904K, used 118997K [0x0000000706200000, 0x0000000800000000)
  region size 2048K, 7 young (14336K), 7 survivors (14336K)
 Metaspace       used 60496K, committed 61248K, reserved 1114112K
  class space    used 6427K, committed 6784K, reserved 1048576K
}
Event: 24.550 GC heap before
{Heap before GC invocations=28 (full 0):
 garbage-first heap   total reserved 4093952K, committed 251904K, used 209109K [0x0000000706200000, 0x0000000800000000)
  region size 2048K, 51 young (104448K), 7 survivors (14336K)
 Metaspace       used 60548K, committed 61312K, reserved 1114112K
  class space    used 6431K, committed 6784K, reserved 1048576K
}
Event: 24.585 GC heap after
{Heap after GC invocations=29 (full 0):
 garbage-first heap   total reserved 4093952K, committed 251904K, used 127178K [0x0000000706200000, 0x0000000800000000)
  region size 2048K, 7 young (14336K), 7 survivors (14336K)
 Metaspace       used 60548K, committed 61312K, reserved 1114112K
  class space    used 6431K, committed 6784K, reserved 1048576K
}
Event: 24.933 GC heap before
{Heap before GC invocations=29 (full 0):
 garbage-first heap   total reserved 4093952K, committed 251904K, used 213194K [0x0000000706200000, 0x0000000800000000)
  region size 2048K, 49 young (100352K), 7 survivors (14336K)
 Metaspace       used 60554K, committed 61312K, reserved 1114112K
  class space    used 6431K, committed 6784K, reserved 1048576K
}
Event: 24.970 GC heap after
{Heap after GC invocations=30 (full 0):
 garbage-first heap   total reserved 4093952K, committed 251904K, used 146614K [0x0000000706200000, 0x0000000800000000)
  region size 2048K, 7 young (14336K), 7 survivors (14336K)
 Metaspace       used 60554K, committed 61312K, reserved 1114112K
  class space    used 6431K, committed 6784K, reserved 1048576K
}
Event: 25.280 GC heap before
{Heap before GC invocations=31 (full 0):
 garbage-first heap   total reserved 4093952K, committed 251904K, used 218294K [0x0000000706200000, 0x0000000800000000)
  region size 2048K, 42 young (86016K), 7 survivors (14336K)
 Metaspace       used 60563K, committed 61312K, reserved 1114112K
  class space    used 6431K, committed 6784K, reserved 1048576K
}
Event: 25.315 GC heap after
{Heap after GC invocations=32 (full 0):
 garbage-first heap   total reserved 4093952K, committed 251904K, used 162512K [0x0000000706200000, 0x0000000800000000)
  region size 2048K, 6 young (12288K), 6 survivors (12288K)
 Metaspace       used 60563K, committed 61312K, reserved 1114112K
  class space    used 6431K, committed 6784K, reserved 1048576K
}
Event: 25.492 GC heap before
{Heap before GC invocations=32 (full 0):
 garbage-first heap   total reserved 4093952K, committed 251904K, used 221904K [0x0000000706200000, 0x0000000800000000)
  region size 2048K, 35 young (71680K), 6 survivors (12288K)
 Metaspace       used 60569K, committed 61312K, reserved 1114112K
  class space    used 6431K, committed 6784K, reserved 1048576K
}
Event: 25.515 GC heap after
{Heap after GC invocations=33 (full 0):
 garbage-first heap   total reserved 4093952K, committed 251904K, used 174803K [0x0000000706200000, 0x0000000800000000)
  region size 2048K, 5 young (10240K), 5 survivors (10240K)
 Metaspace       used 60569K, committed 61312K, reserved 1114112K
  class space    used 6431K, committed 6784K, reserved 1048576K
}
Event: 25.639 GC heap before
{Heap before GC invocations=33 (full 0):
 garbage-first heap   total reserved 4093952K, committed 251904K, used 226003K [0x0000000706200000, 0x0000000800000000)
  region size 2048K, 30 young (61440K), 5 survivors (10240K)
 Metaspace       used 60570K, committed 61312K, reserved 1114112K
  class space    used 6431K, committed 6784K, reserved 1048576K
}
Event: 25.664 GC heap after
{Heap after GC invocations=34 (full 0):
 garbage-first heap   total reserved 4093952K, committed 440320K, used 177899K [0x0000000706200000, 0x0000000800000000)
  region size 2048K, 3 young (6144K), 3 survivors (6144K)
 Metaspace       used 60570K, committed 61312K, reserved 1114112K
  class space    used 6431K, committed 6784K, reserved 1048576K
}
Event: 1311.465 GC heap before
{Heap before GC invocations=34 (full 0):
 garbage-first heap   total reserved 4093952K, committed 440320K, used 345835K [0x0000000706200000, 0x0000000800000000)
  region size 2048K, 85 young (174080K), 3 survivors (6144K)
 Metaspace       used 72622K, committed 73536K, reserved 1179648K
  class space    used 7526K, committed 7936K, reserved 1048576K
}
Event: 1311.615 GC heap after
{Heap after GC invocations=35 (full 0):
 garbage-first heap   total reserved 4093952K, committed 440320K, used 200629K [0x0000000706200000, 0x0000000800000000)
  region size 2048K, 11 young (22528K), 11 survivors (22528K)
 Metaspace       used 72622K, committed 73536K, reserved 1179648K
  class space    used 7526K, committed 7936K, reserved 1048576K
}

